<?xml version="1.0" encoding="UTF-8"?>
<testng-results skipped="0" failed="0" ignored="0" total="1" passed="1">
  <reporter-output>
  </reporter-output>
  <suite name="Default suite" duration-ms="11480" started-at="2017-10-30T08:15:52Z" finished-at="2017-10-30T08:16:04Z">
    <groups>
    </groups>
    <test name="Default test" duration-ms="11480" started-at="2017-10-30T08:15:52Z" finished-at="2017-10-30T08:16:04Z">
      <class name="com.org.learningMaven.HelloWorldTest">
        <test-method status="PASS" signature="Login()[pri:0, instance:com.org.learningMaven.HelloWorldTest@4678c730]" name="Login" duration-ms="11465" started-at="2017-10-30T16:15:52Z" finished-at="2017-10-30T16:16:04Z">
          <reporter-output>
          </reporter-output>
        </test-method> <!-- Login -->
      </class> <!-- com.org.learningMaven.HelloWorldTest -->
    </test> <!-- Default test -->
  </suite> <!-- Default suite -->
</testng-results>
