<?xml version="1.0" encoding="UTF-8"?>
<testng-results skipped="0" failed="0" total="1" passed="1">
  <reporter-output>
  </reporter-output>
  <suite name="com.org.learningMaven.HelloWorldTest" duration-ms="15128" started-at="2017-11-03T07:05:44Z" finished-at="2017-11-03T07:05:59Z">
    <groups>
    </groups>
    <test name="Command line test" duration-ms="15128" started-at="2017-11-03T07:05:44Z" finished-at="2017-11-03T07:05:59Z">
      <class name="com.org.learningMaven.HelloWorldTest">
        <test-method status="PASS" signature="Login()[pri:0, instance:com.org.learningMaven.HelloWorldTest@71be98f5]" name="Login" duration-ms="15112" started-at="2017-11-03T15:05:44Z" finished-at="2017-11-03T15:05:59Z">
          <reporter-output>
          </reporter-output>
        </test-method> <!-- Login -->
      </class> <!-- com.org.learningMaven.HelloWorldTest -->
    </test> <!-- Command line test -->
  </suite> <!-- com.org.learningMaven.HelloWorldTest -->
</testng-results>
